  [1m[35m (4.0ms)[0m  [1m[34mSELECT sqlite_version(*)[0m
  [1m[35m (226.4ms)[0m  [1m[35mCREATE TABLE "schema_migrations" ("version" varchar NOT NULL PRIMARY KEY)[0m
  [1m[35m (240.6ms)[0m  [1m[35mCREATE TABLE "ar_internal_metadata" ("key" varchar NOT NULL PRIMARY KEY, "value" varchar, "created_at" datetime(6) NOT NULL, "updated_at" datetime(6) NOT NULL)[0m
  [1m[35m (0.4ms)[0m  [1m[34mSELECT "schema_migrations"."version" FROM "schema_migrations" ORDER BY "schema_migrations"."version" ASC[0m
Migrating to CreateMovies (20190801074121)
  [1m[35m (0.1ms)[0m  [1m[36mbegin transaction[0m
  [1m[35m (0.9ms)[0m  [1m[35mCREATE TABLE "movies" ("id" integer PRIMARY KEY AUTOINCREMENT NOT NULL, "name" varchar, "year" integer, "genre" varchar, "synopsis" text, "director" varchar, "allocine_string" float, "my_rating" integer, "already_seen" boolean, "created_at" datetime(6) NOT NULL, "updated_at" datetime(6) NOT NULL)[0m
  [1m[36mprimary::SchemaMigration Create (0.5ms)[0m  [1m[32mINSERT INTO "schema_migrations" ("version") VALUES (?)[0m  [["version", "20190801074121"]]
  [1m[35m (176.2ms)[0m  [1m[36mcommit transaction[0m
  [1m[36mActiveRecord::InternalMetadata Load (0.5ms)[0m  [1m[34mSELECT "ar_internal_metadata".* FROM "ar_internal_metadata" WHERE "ar_internal_metadata"."key" = ? LIMIT ?[0m  [["key", "environment"], ["LIMIT", 1]]
  [1m[35m (0.1ms)[0m  [1m[36mbegin transaction[0m
  [1m[36mActiveRecord::InternalMetadata Create (0.7ms)[0m  [1m[32mINSERT INTO "ar_internal_metadata" ("key", "value", "created_at", "updated_at") VALUES (?, ?, ?, ?)[0m  [["key", "environment"], ["value", "development"], ["created_at", "2019-08-01 07:46:58.460729"], ["updated_at", "2019-08-01 07:46:58.460729"]]
  [1m[35m (141.2ms)[0m  [1m[36mcommit transaction[0m
  [1m[35m (0.3ms)[0m  [1m[34mSELECT sqlite_version(*)[0m
  [1m[35m (0.6ms)[0m  [1m[34mSELECT "schema_migrations"."version" FROM "schema_migrations" ORDER BY "schema_migrations"."version" ASC[0m
  [1m[35m (1.0ms)[0m  [1m[34mSELECT sqlite_version(*)[0m
  [1m[35m (0.4ms)[0m  [1m[34mSELECT "schema_migrations"."version" FROM "schema_migrations" ORDER BY "schema_migrations"."version" ASC[0m
  [1m[35m (1.6ms)[0m  [1m[34mSELECT sqlite_version(*)[0m
  [1m[35m (1.4ms)[0m  [1m[34mSELECT sqlite_version(*)[0m
  [1m[36mMovie Load (0.5ms)[0m  [1m[34mSELECT "movies".* FROM "movies"[0m
  [1m[35m (1.2ms)[0m  [1m[34mSELECT sqlite_version(*)[0m
  [1m[35m (0.2ms)[0m  [1m[36mbegin transaction[0m
  [1m[36mMovie Create (1.0ms)[0m  [1m[32mINSERT INTO "movies" ("name", "year", "genre", "synopsis", "director", "allocine_string", "already_seen", "created_at", "updated_at") VALUES (?, ?, ?, ?, ?, ?, ?, ?, ?)[0m  [["name", "BEOWULF"], ["year", 1999], ["genre", "Fantastique, Action, Epouvante-horreur"], ["synopsis", "La Terre a traverse de nombreuses crises et cataclysmes. Les hommes vivent dans la peur et dans l'obscurite car les tenebres voilent desormais la lumiere du soleil. Dans cet univers hostile, erre un homme maudit et solitaire, Beowulf, fruit des amours interdites d'une mortelle avec le diable. Pour vaincre le monstre qui est en lui, Beowulf doit combattre le mal. Son plus redoutable adversaire est une creature tapie dans les combles d'une forteresse. Invincible, d'une sauvagerie sans nom, elle tue quotidiennement puis disparait des l'aube. "], ["director", "Graham Baker"], ["allocine_string", 1.2], ["already_seen", 0], ["created_at", "2019-08-01 08:07:59.657722"], ["updated_at", "2019-08-01 08:07:59.657722"]]
  [1m[35m (108.9ms)[0m  [1m[36mcommit transaction[0m
  [1m[36mMovie Load (0.8ms)[0m  [1m[34mSELECT "movies".* FROM "movies"[0m
  [1m[35m (1.1ms)[0m  [1m[34mSELECT sqlite_version(*)[0m
  [1m[36mMovie Load (0.7ms)[0m  [1m[34mSELECT "movies".* FROM "movies" LIMIT ?[0m  [["LIMIT", 11]]
  [1m[35m (1.9ms)[0m  [1m[34mSELECT sqlite_version(*)[0m
  [1m[35m (0.2ms)[0m  [1m[36mbegin transaction[0m
  [1m[36mMovie Create (54.2ms)[0m  [1m[32mINSERT INTO "movies" ("name", "year", "genre", "synopsis", "director", "allocine_string", "already_seen", "created_at", "updated_at") VALUES (?, ?, ?, ?, ?, ?, ?, ?, ?)[0m  [["name", "L'EXORCISTE"], ["year", 1974], ["genre", "Epouvante-horreur"], ["synopsis", " Interdit aux moins de 12 ans.\n L'actrice Chris McNeil est inquiète au sujet de sa fillette Regan : après que l'on ait entendu des bruits curieux venant de sa chambre, la petite a changé, proférant de constantes insanités. Une force para-normale l'habite, qui coûte la vie au metteur en scène de Chris. Désespérée, cette dernière fait appel à deux exorcistes... "], ["director", "William Friedkin"], ["allocine_string", 3.9], ["already_seen", 0], ["created_at", "2019-08-01 08:57:01.213259"], ["updated_at", "2019-08-01 08:57:01.213259"]]
  [1m[35m (201.6ms)[0m  [1m[36mcommit transaction[0m
  [1m[35m (0.2ms)[0m  [1m[36mbegin transaction[0m
  [1m[36mMovie Create (0.9ms)[0m  [1m[32mINSERT INTO "movies" ("name", "year", "genre", "synopsis", "director", "allocine_string", "already_seen", "created_at", "updated_at") VALUES (?, ?, ?, ?, ?, ?, ?, ?, ?)[0m  [["name", "OSS 117, Le Caire nid d'espions"], ["year", 2006], ["genre", "Commedie, Action, Espionnage"], ["synopsis", "Égypte, 1955, le Caire est un véritable nid d'espions.\nTout le monde se méfie de tout le monde, tout le monde complote contre tout le monde : Anglais, Français, Soviétiques, la famille du Roi déchu Farouk qui veut retrouver son trône, les Aigles de Kheops, secte religieuse qui veut prendre le pouvoir. Le Président de la République Française, Monsieur René Coty, envoie son arme maîtresse mettre de l'ordre dans cette pétaudière au bord du chaos : Hubert Bonisseur de la Bath, dit OSS 117."], ["director", "Michel Hazanavicius"], ["allocine_string", 3.5], ["already_seen", 0], ["created_at", "2019-08-01 08:57:01.635315"], ["updated_at", "2019-08-01 08:57:01.635315"]]
  [1m[35m (153.6ms)[0m  [1m[36mcommit transaction[0m
  [1m[36mMovie Load (1.1ms)[0m  [1m[34mSELECT "movies".* FROM "movies"[0m
  [1m[35m (3.3ms)[0m  [1m[34mSELECT sqlite_version(*)[0m
  [1m[35m (0.2ms)[0m  [1m[36mbegin transaction[0m
  [1m[36mMovie Create (10.4ms)[0m  [1m[32mINSERT INTO "movies" ("name", "year", "genre", "synopsis", "director", "allocine_string", "my_rating", "already_seen", "created_at", "updated_at") VALUES (?, ?, ?, ?, ?, ?, ?, ?, ?, ?)[0m  [["name", "TITANIC"], ["year", 1998], ["genre", " Drame, Romance"], ["synopsis", "Southampton, 10 avril 1912. Le paquebot le plus grand et le plus moderne du monde, réputé pour son insubmersibilité, le Titanic, appareille pour son premier voyage. Quatre jours plus tard, il heurte un iceberg. A son bord, un artiste pauvre et une grande bourgeoise tombent amoureux."], ["director", "JAMES CAMERON"], ["allocine_string", 4.3], ["my_rating", 5], ["already_seen", 1], ["created_at", "2019-08-01 09:13:37.193349"], ["updated_at", "2019-08-01 09:13:37.193349"]]
  [1m[35m (157.1ms)[0m  [1m[36mcommit transaction[0m
  [1m[36mMovie Load (0.5ms)[0m  [1m[34mSELECT "movies".* FROM "movies"[0m
  [1m[36mMovie Load (0.8ms)[0m  [1m[34mSELECT "movies".* FROM "movies" WHERE "movies"."name" = ? LIMIT ?[0m  [["name", "BEOWULF"], ["LIMIT", 1]]
  [1m[35m (0.2ms)[0m  [1m[36mbegin transaction[0m
  [1m[36mMovie Update (1.0ms)[0m  [1m[33mUPDATE "movies" SET "allocine_string" = ?, "updated_at" = ? WHERE "movies"."id" = ?[0m  [["allocine_string", 4.7], ["updated_at", "2019-08-01 09:18:36.313057"], ["id", 1]]
  [1m[35m (116.4ms)[0m  [1m[36mcommit transaction[0m
  [1m[36mMovie Load (0.7ms)[0m  [1m[34mSELECT "movies".* FROM "movies" WHERE "movies"."id" = ? LIMIT ?[0m  [["id", 2], ["LIMIT", 1]]
  [1m[35m (0.1ms)[0m  [1m[36mbegin transaction[0m
  [1m[36mMovie Update (0.6ms)[0m  [1m[33mUPDATE "movies" SET "genre" = ?, "updated_at" = ? WHERE "movies"."id" = ?[0m  [["genre", "Commedie"], ["updated_at", "2019-08-01 09:22:45.993282"], ["id", 2]]
  [1m[35m (152.1ms)[0m  [1m[36mcommit transaction[0m
  [1m[36mMovie Load (0.5ms)[0m  [1m[34mSELECT "movies".* FROM "movies" WHERE "movies"."already_seen" = ? LIMIT ?[0m  [["already_seen", 1], ["LIMIT", 11]]
  [1m[36mMovie Load (0.3ms)[0m  [1m[34mSELECT "movies".* FROM "movies" WHERE "movies"."already_seen" = ? LIMIT ?[0m  [["already_seen", 1], ["LIMIT", 11]]
  [1m[36mMovie Load (1.3ms)[0m  [1m[34mSELECT "movies".* FROM "movies" WHERE "movies"."already_seen" = ? AND "movies"."already_seen" = ? LIMIT ?[0m  [["already_seen", 1], ["already_seen", 1], ["LIMIT", 1]]
  [1m[36mMovie Load (0.5ms)[0m  [1m[34mSELECT "movies".* FROM "movies" WHERE "movies"."already_seen" = ? AND "movies"."already_seen" = ? LIMIT ?[0m  [["already_seen", 1], ["already_seen", 1], ["LIMIT", 1]]
  [1m[35m (0.1ms)[0m  [1m[36mbegin transaction[0m
  [1m[36mMovie Destroy (0.9ms)[0m  [1m[31mDELETE FROM "movies" WHERE "movies"."id" = ?[0m  [["id", 4]]
  [1m[35m (125.2ms)[0m  [1m[36mcommit transaction[0m
  [1m[36mMovie Load (0.6ms)[0m  [1m[34mSELECT "movies".* FROM "movies" WHERE "movies"."already_seen" = ? LIMIT ?[0m  [["already_seen", 1], ["LIMIT", 11]]
  [1m[36mMovie Load (1.1ms)[0m  [1m[34mSELECT "movies".* FROM "movies" WHERE "movies"."already_seen" = ?[0m  [["already_seen", 1]]
  [1m[35m (1.5ms)[0m  [1m[34mSELECT sqlite_version(*)[0m
  [1m[35m (0.5ms)[0m  [1m[34mSELECT "schema_migrations"."version" FROM "schema_migrations" ORDER BY "schema_migrations"."version" ASC[0m
  [1m[35m (1.1ms)[0m  [1m[34mSELECT sqlite_version(*)[0m
  [1m[35m (0.4ms)[0m  [1m[34mSELECT "schema_migrations"."version" FROM "schema_migrations" ORDER BY "schema_migrations"."version" ASC[0m
  [1m[35m (1.1ms)[0m  [1m[34mSELECT sqlite_version(*)[0m
  [1m[35m (0.4ms)[0m  [1m[34mSELECT "schema_migrations"."version" FROM "schema_migrations" ORDER BY "schema_migrations"."version" ASC[0m
  [1m[35m (1.1ms)[0m  [1m[34mSELECT sqlite_version(*)[0m
  [1m[35m (0.4ms)[0m  [1m[34mSELECT "schema_migrations"."version" FROM "schema_migrations" ORDER BY "schema_migrations"."version" ASC[0m
  [1m[35m (0.1ms)[0m  [1m[36mbegin transaction[0m
  [1m[36mMovie Create (12.0ms)[0m  [1m[32mINSERT INTO "movies" ("name", "year", "genre", "synopsis", "director", "allocine_string", "already_seen", "created_at", "updated_at") VALUES (?, ?, ?, ?, ?, ?, ?, ?, ?)[0m  [["name", "Fasten your seatbelts. It's going to be a bumpy night."], ["year", 2000], ["genre", "Narrative nonfiction"], ["synopsis", "Valens conculco adsuesco conventus ea impedit stabilis velociter cupio acerbitas."], ["director", "Ken Zemlak"], ["allocine_string", 3.0], ["already_seen", 0], ["created_at", "2019-08-01 13:09:48.057718"], ["updated_at", "2019-08-01 13:09:48.057718"]]
  [1m[35m (122.4ms)[0m  [1m[36mcommit transaction[0m
  [1m[35m (0.1ms)[0m  [1m[36mbegin transaction[0m
  [1m[36mMovie Create (0.8ms)[0m  [1m[32mINSERT INTO "movies" ("name", "year", "genre", "synopsis", "director", "allocine_string", "already_seen", "created_at", "updated_at") VALUES (?, ?, ?, ?, ?, ?, ?, ?, ?)[0m  [["name", "What we've got here is failure to communicate."], ["year", 1991], ["genre", "Legend"], ["synopsis", "Traho voluptatem acquiro patruus tertius contabesco usus voluptatibus quis uberrime."], ["director", "Dr. Gertrudis Hansen"], ["allocine_string", 3.0], ["already_seen", 0], ["created_at", "2019-08-01 13:09:48.206182"], ["updated_at", "2019-08-01 13:09:48.206182"]]
  [1m[35m (106.6ms)[0m  [1m[36mcommit transaction[0m
  [1m[35m (0.1ms)[0m  [1m[36mbegin transaction[0m
  [1m[36mMovie Create (1.8ms)[0m  [1m[32mINSERT INTO "movies" ("name", "year", "genre", "synopsis", "director", "allocine_string", "already_seen", "created_at", "updated_at") VALUES (?, ?, ?, ?, ?, ?, ?, ?, ?)[0m  [["name", "Toto, I've got a feeling we're not in Kansas anymore."], ["year", 1995], ["genre", "Western"], ["synopsis", "Sponte taedium cui sed uredo abeo eos est velociter cognatus."], ["director", "Clelia Hayes I"], ["allocine_string", 3.0], ["already_seen", 1], ["created_at", "2019-08-01 13:09:48.328991"], ["updated_at", "2019-08-01 13:09:48.328991"]]
  [1m[35m (110.6ms)[0m  [1m[36mcommit transaction[0m
  [1m[35m (0.2ms)[0m  [1m[36mbegin transaction[0m
  [1m[36mMovie Create (0.8ms)[0m  [1m[32mINSERT INTO "movies" ("name", "year", "genre", "synopsis", "director", "allocine_string", "already_seen", "created_at", "updated_at") VALUES (?, ?, ?, ?, ?, ?, ?, ?, ?)[0m  [["name", "Frankly, my dear, I don’t give a damn."], ["year", 1991], ["genre", "Fantasy"], ["synopsis", "Voluptatem tondeo tergo unde demo ex bonus abundans cornu contego."], ["director", "Letisha Mills"], ["allocine_string", 3.0], ["already_seen", 0], ["created_at", "2019-08-01 13:09:48.487793"], ["updated_at", "2019-08-01 13:09:48.487793"]]
  [1m[35m (174.0ms)[0m  [1m[36mcommit transaction[0m
  [1m[35m (0.1ms)[0m  [1m[36mbegin transaction[0m
  [1m[36mMovie Create (1.2ms)[0m  [1m[32mINSERT INTO "movies" ("name", "year", "genre", "synopsis", "director", "allocine_string", "already_seen", "created_at", "updated_at") VALUES (?, ?, ?, ?, ?, ?, ?, ?, ?)[0m  [["name", "I'm going to make him an offer he can't refuse."], ["year", 1993], ["genre", "Fantasy"], ["synopsis", "Ipsam aequitas coniecto calamitas deripio adulatio apud angustus mollitia torqueo."], ["director", "Wilbert Rohan"], ["allocine_string", 3.0], ["already_seen", 0], ["created_at", "2019-08-01 13:09:48.687188"], ["updated_at", "2019-08-01 13:09:48.687188"]]
  [1m[35m (174.7ms)[0m  [1m[36mcommit transaction[0m
  [1m[35m (0.1ms)[0m  [1m[36mbegin transaction[0m
  [1m[36mMovie Create (0.8ms)[0m  [1m[32mINSERT INTO "movies" ("name", "year", "genre", "synopsis", "director", "allocine_string", "already_seen", "created_at", "updated_at") VALUES (?, ?, ?, ?, ?, ?, ?, ?, ?)[0m  [["name", "Here's looking at you, kid."], ["year", 2004], ["genre", "Humor"], ["synopsis", "Compono urbanus aestivus spiritus conscendo adfectus statim contigo crastinus amitto."], ["director", "Gemma Hilll"], ["allocine_string", 4.0], ["already_seen", 0], ["created_at", "2019-08-01 13:09:48.879344"], ["updated_at", "2019-08-01 13:09:48.879344"]]
  [1m[35m (175.5ms)[0m  [1m[36mcommit transaction[0m
  [1m[35m (0.2ms)[0m  [1m[36mbegin transaction[0m
  [1m[36mMovie Create (0.8ms)[0m  [1m[32mINSERT INTO "movies" ("name", "year", "genre", "synopsis", "director", "allocine_string", "already_seen", "created_at", "updated_at") VALUES (?, ?, ?, ?, ?, ?, ?, ?, ?)[0m  [["name", "Toto, I've got a feeling we're not in Kansas anymore."], ["year", 2005], ["genre", "Crime/Detective"], ["synopsis", "Thymum tabgo creta asperiores accendo verbum theologus synagoga charisma paens."], ["director", "Rutha Willms Jr."], ["allocine_string", 4.0], ["already_seen", 0], ["created_at", "2019-08-01 13:09:49.068562"], ["updated_at", "2019-08-01 13:09:49.068562"]]
  [1m[35m (179.2ms)[0m  [1m[36mcommit transaction[0m
  [1m[35m (0.3ms)[0m  [1m[36mbegin transaction[0m
  [1m[36mMovie Create (1.7ms)[0m  [1m[32mINSERT INTO "movies" ("name", "year", "genre", "synopsis", "director", "allocine_string", "already_seen", "created_at", "updated_at") VALUES (?, ?, ?, ?, ?, ?, ?, ?, ?)[0m  [["name", "All right, Mr. DeMille, I'm ready for my closeup."], ["year", 2001], ["genre", "Folklore"], ["synopsis", "Tutamen certo demoror tum cunctatio compono tabula auctus creator illo."], ["director", "Ranae Spinka"], ["allocine_string", 2.0], ["already_seen", 0], ["created_at", "2019-08-01 13:09:49.264902"], ["updated_at", "2019-08-01 13:09:49.264902"]]
  [1m[35m (193.5ms)[0m  [1m[36mcommit transaction[0m
  [1m[35m (0.1ms)[0m  [1m[36mbegin transaction[0m
  [1m[36mMovie Create (0.8ms)[0m  [1m[32mINSERT INTO "movies" ("name", "year", "genre", "synopsis", "director", "allocine_string", "already_seen", "created_at", "updated_at") VALUES (?, ?, ?, ?, ?, ?, ?, ?, ?)[0m  [["name", "You talking to me?"], ["year", 2010], ["genre", "Fable"], ["synopsis", "Admoveo anser avoco aut defetiscor taceo cumque tergum astrum carus."], ["director", "Mr. Dorsey DuBuque"], ["allocine_string", 2.0], ["already_seen", 1], ["created_at", "2019-08-01 13:09:49.482418"], ["updated_at", "2019-08-01 13:09:49.482418"]]
  [1m[35m (182.5ms)[0m  [1m[36mcommit transaction[0m
  [1m[35m (0.1ms)[0m  [1m[36mbegin transaction[0m
  [1m[36mMovie Create (2.3ms)[0m  [1m[32mINSERT INTO "movies" ("name", "year", "genre", "synopsis", "director", "allocine_string", "already_seen", "created_at", "updated_at") VALUES (?, ?, ?, ?, ?, ?, ?, ?, ?)[0m  [["name", "All right, Mr. DeMille, I'm ready for my closeup."], ["year", 2009], ["genre", "Legend"], ["synopsis", "Demulceo carmen natus sed vix derideo volaticus antiquus illum talio."], ["director", "Eugene Lebsack MD"], ["allocine_string", 1.0], ["already_seen", 1], ["created_at", "2019-08-01 13:09:49.682807"], ["updated_at", "2019-08-01 13:09:49.682807"]]
  [1m[35m (159.1ms)[0m  [1m[36mcommit transaction[0m
  [1m[35m (0.2ms)[0m  [1m[36mbegin transaction[0m
  [1m[36mMovie Create (1.0ms)[0m  [1m[32mINSERT INTO "movies" ("name", "year", "genre", "synopsis", "director", "allocine_string", "already_seen", "created_at", "updated_at") VALUES (?, ?, ?, ?, ?, ?, ?, ?, ?)[0m  [["name", "Fasten your seatbelts. It's going to be a bumpy night."], ["year", 2008], ["genre", "Fiction in verse"], ["synopsis", "Angustus quia acquiro admitto cursus vicinus sponte bellicus aliqua tergiversatio."], ["director", "Miss Arthur Bartell"], ["allocine_string", 3.0], ["already_seen", 0], ["created_at", "2019-08-01 13:09:49.861837"], ["updated_at", "2019-08-01 13:09:49.861837"]]
  [1m[35m (286.4ms)[0m  [1m[36mcommit transaction[0m
  [1m[35m (0.2ms)[0m  [1m[36mbegin transaction[0m
  [1m[36mMovie Create (0.9ms)[0m  [1m[32mINSERT INTO "movies" ("name", "year", "genre", "synopsis", "director", "allocine_string", "already_seen", "created_at", "updated_at") VALUES (?, ?, ?, ?, ?, ?, ?, ?, ?)[0m  [["name", "I love the smell of napalm in the morning."], ["year", 2013], ["genre", "Fiction narrative"], ["synopsis", "Deporto tardus canis aduro vulgo ex vespillo comes tamdiu consequatur."], ["director", "Marty Rowe"], ["allocine_string", 5.0], ["already_seen", 0], ["created_at", "2019-08-01 13:09:50.162624"], ["updated_at", "2019-08-01 13:09:50.162624"]]
  [1m[35m (235.5ms)[0m  [1m[36mcommit transaction[0m
  [1m[35m (0.2ms)[0m  [1m[36mbegin transaction[0m
  [1m[36mMovie Create (0.8ms)[0m  [1m[32mINSERT INTO "movies" ("name", "year", "genre", "synopsis", "director", "allocine_string", "already_seen", "created_at", "updated_at") VALUES (?, ?, ?, ?, ?, ?, ?, ?, ?)[0m  [["name", "I love the smell of napalm in the morning."], ["year", 2000], ["genre", "Biography/Autobiography"], ["synopsis", "Concedo adiuvo facere tondeo tabgo quia universe auditor utor eveniet."], ["director", "Reinaldo West"], ["allocine_string", 5.0], ["already_seen", 0], ["created_at", "2019-08-01 13:09:50.421045"], ["updated_at", "2019-08-01 13:09:50.421045"]]
  [1m[35m (199.6ms)[0m  [1m[36mcommit transaction[0m
  [1m[35m (0.1ms)[0m  [1m[36mbegin transaction[0m
  [1m[36mMovie Create (1.7ms)[0m  [1m[32mINSERT INTO "movies" ("name", "year", "genre", "synopsis", "director", "allocine_string", "already_seen", "created_at", "updated_at") VALUES (?, ?, ?, ?, ?, ?, ?, ?, ?)[0m  [["name", "I'm going to make him an offer he can't refuse."], ["year", 2005], ["genre", "Science fiction"], ["synopsis", "Audeo tabella volubilis utrum capillus venio celo spiculum verus animi."], ["director", "Dian Cole"], ["allocine_string", 5.0], ["already_seen", 0], ["created_at", "2019-08-01 13:09:50.640269"], ["updated_at", "2019-08-01 13:09:50.640269"]]
  [1m[35m (205.7ms)[0m  [1m[36mcommit transaction[0m
  [1m[35m (0.1ms)[0m  [1m[36mbegin transaction[0m
  [1m[36mMovie Create (0.8ms)[0m  [1m[32mINSERT INTO "movies" ("name", "year", "genre", "synopsis", "director", "allocine_string", "already_seen", "created_at", "updated_at") VALUES (?, ?, ?, ?, ?, ?, ?, ?, ?)[0m  [["name", "Go ahead, make my day."], ["year", 2007], ["genre", "Science fiction"], ["synopsis", "Cervus temptatio demergo admoneo soluta antiquus concedo eos utroque magnam."], ["director", "Quincy Grant"], ["allocine_string", 3.0], ["already_seen", 0], ["created_at", "2019-08-01 13:09:50.871139"], ["updated_at", "2019-08-01 13:09:50.871139"]]
  [1m[35m (188.8ms)[0m  [1m[36mcommit transaction[0m
  [1m[35m (0.1ms)[0m  [1m[36mbegin transaction[0m
  [1m[36mMovie Create (0.9ms)[0m  [1m[32mINSERT INTO "movies" ("name", "year", "genre", "synopsis", "director", "allocine_string", "already_seen", "created_at", "updated_at") VALUES (?, ?, ?, ?, ?, ?, ?, ?, ?)[0m  [["name", "What we've got here is failure to communicate."], ["year", 2000], ["genre", "Fairy tale"], ["synopsis", "Aestus vix autem cernuus astrum sequi tricesimus umquam timor urbs."], ["director", "Lucius Prohaska"], ["allocine_string", 4.0], ["already_seen", 1], ["created_at", "2019-08-01 13:09:51.078873"], ["updated_at", "2019-08-01 13:09:51.078873"]]
  [1m[35m (224.2ms)[0m  [1m[36mcommit transaction[0m
  [1m[35m (0.2ms)[0m  [1m[36mbegin transaction[0m
  [1m[36mMovie Create (2.0ms)[0m  [1m[32mINSERT INTO "movies" ("name", "year", "genre", "synopsis", "director", "allocine_string", "already_seen", "created_at", "updated_at") VALUES (?, ?, ?, ?, ?, ?, ?, ?, ?)[0m  [["name", "May the Force be with you."], ["year", 2004], ["genre", "Essay"], ["synopsis", "Comes accusator distinctio curia advoco stabilis vestigium vomer vilicus bardus."], ["director", "Cristin Hayes V"], ["allocine_string", 5.0], ["already_seen", 0], ["created_at", "2019-08-01 13:09:51.322686"], ["updated_at", "2019-08-01 13:09:51.322686"]]
  [1m[35m (202.8ms)[0m  [1m[36mcommit transaction[0m
  [1m[35m (0.2ms)[0m  [1m[36mbegin transaction[0m
  [1m[36mMovie Create (0.9ms)[0m  [1m[32mINSERT INTO "movies" ("name", "year", "genre", "synopsis", "director", "allocine_string", "already_seen", "created_at", "updated_at") VALUES (?, ?, ?, ?, ?, ?, ?, ?, ?)[0m  [["name", "May the Force be with you."], ["year", 1995], ["genre", "Tall tale"], ["synopsis", "Confugo callide quia vicinus vomer ait accipio uberrime quis cubicularis."], ["director", "Dr. Sabine Cormier"], ["allocine_string", 3.0], ["already_seen", 0], ["created_at", "2019-08-01 13:09:51.546520"], ["updated_at", "2019-08-01 13:09:51.546520"]]
  [1m[35m (177.8ms)[0m  [1m[36mcommit transaction[0m
  [1m[35m (0.1ms)[0m  [1m[36mbegin transaction[0m
  [1m[36mMovie Create (0.8ms)[0m  [1m[32mINSERT INTO "movies" ("name", "year", "genre", "synopsis", "director", "allocine_string", "already_seen", "created_at", "updated_at") VALUES (?, ?, ?, ?, ?, ?, ?, ?, ?)[0m  [["name", "Toto, I've got a feeling we're not in Kansas anymore."], ["year", 1995], ["genre", "Comic/Graphic Novel"], ["synopsis", "Vergo desino angustus cattus crudelis ambulo cumque sunt vaco utilis."], ["director", "Delmar Cummings"], ["allocine_string", 2.0], ["already_seen", 0], ["created_at", "2019-08-01 13:09:51.740817"], ["updated_at", "2019-08-01 13:09:51.740817"]]
  [1m[35m (215.5ms)[0m  [1m[36mcommit transaction[0m
  [1m[35m (0.1ms)[0m  [1m[36mbegin transaction[0m
  [1m[36mMovie Create (1.1ms)[0m  [1m[32mINSERT INTO "movies" ("name", "year", "genre", "synopsis", "director", "allocine_string", "already_seen", "created_at", "updated_at") VALUES (?, ?, ?, ?, ?, ?, ?, ?, ?)[0m  [["name", "I love the smell of napalm in the morning."], ["year", 1992], ["genre", "Fable"], ["synopsis", "Avarus angustus stips molestiae patrocinor harum aiunt amoveo nisi ab."], ["director", "Dominica O'Hara"], ["allocine_string", 5.0], ["already_seen", 0], ["created_at", "2019-08-01 13:09:51.974237"], ["updated_at", "2019-08-01 13:09:51.974237"]]
  [1m[35m (203.1ms)[0m  [1m[36mcommit transaction[0m
  [1m[35m (0.2ms)[0m  [1m[36mbegin transaction[0m
  [1m[36mMovie Create (0.9ms)[0m  [1m[32mINSERT INTO "movies" ("name", "year", "genre", "synopsis", "director", "allocine_string", "already_seen", "created_at", "updated_at") VALUES (?, ?, ?, ?, ?, ?, ?, ?, ?)[0m  [["name", "Here's looking at you, kid."], ["year", 2008], ["genre", "Realistic fiction"], ["synopsis", "Debitis vallum cado pauci arcus cur acquiro desparatus cervus depromo."], ["director", "Shannon Becker"], ["allocine_string", 3.0], ["already_seen", 0], ["created_at", "2019-08-01 13:09:52.194528"], ["updated_at", "2019-08-01 13:09:52.194528"]]
  [1m[35m (200.3ms)[0m  [1m[36mcommit transaction[0m
  [1m[35m (0.2ms)[0m  [1m[36mbegin transaction[0m
  [1m[36mMovie Create (0.8ms)[0m  [1m[32mINSERT INTO "movies" ("name", "year", "genre", "synopsis", "director", "allocine_string", "already_seen", "created_at", "updated_at") VALUES (?, ?, ?, ?, ?, ?, ?, ?, ?)[0m  [["name", "May the Force be with you."], ["year", 2013], ["genre", "Speech"], ["synopsis", "Adopto subseco crustulum civis suscipio vito laboriosam supra cena amplitudo."], ["director", "Shane Boehm Jr."], ["allocine_string", 4.0], ["already_seen", 0], ["created_at", "2019-08-01 13:09:52.414641"], ["updated_at", "2019-08-01 13:09:52.414641"]]
  [1m[35m (219.7ms)[0m  [1m[36mcommit transaction[0m
  [1m[35m (0.2ms)[0m  [1m[36mbegin transaction[0m
  [1m[36mMovie Create (0.9ms)[0m  [1m[32mINSERT INTO "movies" ("name", "year", "genre", "synopsis", "director", "allocine_string", "already_seen", "created_at", "updated_at") VALUES (?, ?, ?, ?, ?, ?, ?, ?, ?)[0m  [["name", "May the Force be with you."], ["year", 2004], ["genre", "Narrative nonfiction"], ["synopsis", "Dolorum atqui velociter avoco accedo labore rerum adfectus adhaero tum."], ["director", "Seth Walker"], ["allocine_string", 2.0], ["already_seen", 0], ["created_at", "2019-08-01 13:09:52.652631"], ["updated_at", "2019-08-01 13:09:52.652631"]]
  [1m[35m (180.9ms)[0m  [1m[36mcommit transaction[0m
  [1m[35m (0.1ms)[0m  [1m[36mbegin transaction[0m
  [1m[36mMovie Create (1.8ms)[0m  [1m[32mINSERT INTO "movies" ("name", "year", "genre", "synopsis", "director", "allocine_string", "already_seen", "created_at", "updated_at") VALUES (?, ?, ?, ?, ?, ?, ?, ?, ?)[0m  [["name", "I love the smell of napalm in the morning."], ["year", 2011], ["genre", "Legend"], ["synopsis", "Peccatus cohors animi soleo vigor et bibo vulgaris est degenero."], ["director", "Dr. Anna Stehr"], ["allocine_string", 4.0], ["already_seen", 0], ["created_at", "2019-08-01 13:09:52.853037"], ["updated_at", "2019-08-01 13:09:52.853037"]]
  [1m[35m (180.9ms)[0m  [1m[36mcommit transaction[0m
  [1m[35m (0.2ms)[0m  [1m[36mbegin transaction[0m
  [1m[36mMovie Create (0.7ms)[0m  [1m[32mINSERT INTO "movies" ("name", "year", "genre", "synopsis", "director", "allocine_string", "already_seen", "created_at", "updated_at") VALUES (?, ?, ?, ?, ?, ?, ?, ?, ?)[0m  [["name", "You talking to me?"], ["year", 2005], ["genre", "Textbook"], ["synopsis", "Atqui valens tondeo debitis vester corrupti ara verecundia aegrotatio vobis."], ["director", "Ashely Yost"], ["allocine_string", 3.0], ["already_seen", 1], ["created_at", "2019-08-01 13:09:53.056319"], ["updated_at", "2019-08-01 13:09:53.056319"]]
  [1m[35m (186.7ms)[0m  [1m[36mcommit transaction[0m
  [1m[35m (0.1ms)[0m  [1m[36mbegin transaction[0m
  [1m[36mMovie Create (0.8ms)[0m  [1m[32mINSERT INTO "movies" ("name", "year", "genre", "synopsis", "director", "allocine_string", "already_seen", "created_at", "updated_at") VALUES (?, ?, ?, ?, ?, ?, ?, ?, ?)[0m  [["name", "Go ahead, make my day."], ["year", 2017], ["genre", "Comic/Graphic Novel"], ["synopsis", "Trans bonus cohibeo testimonium vicinus alioqui conforto adfero color speciosus."], ["director", "Shiela Rodriguez"], ["allocine_string", 3.0], ["already_seen", 0], ["created_at", "2019-08-01 13:09:53.261560"], ["updated_at", "2019-08-01 13:09:53.261560"]]
  [1m[35m (183.0ms)[0m  [1m[36mcommit transaction[0m
  [1m[35m (0.1ms)[0m  [1m[36mbegin transaction[0m
  [1m[36mMovie Create (0.8ms)[0m  [1m[32mINSERT INTO "movies" ("name", "year", "genre", "synopsis", "director", "allocine_string", "already_seen", "created_at", "updated_at") VALUES (?, ?, ?, ?, ?, ?, ?, ?, ?)[0m  [["name", "Fasten your seatbelts. It's going to be a bumpy night."], ["year", 2000], ["genre", "Fairy tale"], ["synopsis", "Curso turpis creator cogito laborum pariatur aliquam uberrime decens id."], ["director", "Laureen Cole"], ["allocine_string", 4.0], ["already_seen", 1], ["created_at", "2019-08-01 13:09:53.458880"], ["updated_at", "2019-08-01 13:09:53.458880"]]
  [1m[35m (185.1ms)[0m  [1m[36mcommit transaction[0m
  [1m[35m (0.3ms)[0m  [1m[36mbegin transaction[0m
  [1m[36mMovie Create (0.8ms)[0m  [1m[32mINSERT INTO "movies" ("name", "year", "genre", "synopsis", "director", "allocine_string", "already_seen", "created_at", "updated_at") VALUES (?, ?, ?, ?, ?, ?, ?, ?, ?)[0m  [["name", "Go ahead, make my day."], ["year", 2013], ["genre", "Legend"], ["synopsis", "Quo vulpes enim quia cohors titulus stabilis et cilicium cursus."], ["director", "Shane Maggio"], ["allocine_string", 5.0], ["already_seen", 0], ["created_at", "2019-08-01 13:09:53.661426"], ["updated_at", "2019-08-01 13:09:53.661426"]]
  [1m[35m (187.9ms)[0m  [1m[36mcommit transaction[0m
  [1m[35m (0.2ms)[0m  [1m[36mbegin transaction[0m
  [1m[36mMovie Create (1.9ms)[0m  [1m[32mINSERT INTO "movies" ("name", "year", "genre", "synopsis", "director", "allocine_string", "already_seen", "created_at", "updated_at") VALUES (?, ?, ?, ?, ?, ?, ?, ?, ?)[0m  [["name", "Frankly, my dear, I don’t give a damn."], ["year", 2016], ["genre", "Realistic fiction"], ["synopsis", "Aut voluptas voluptatem fugiat ancilla fuga barba appono absorbeo voveo."], ["director", "Azalee Rath PhD"], ["allocine_string", 0.0], ["already_seen", 0], ["created_at", "2019-08-01 13:09:53.867801"], ["updated_at", "2019-08-01 13:09:53.867801"]]
  [1m[35m (188.3ms)[0m  [1m[36mcommit transaction[0m
  [1m[35m (0.2ms)[0m  [1m[36mbegin transaction[0m
  [1m[36mMovie Create (0.9ms)[0m  [1m[32mINSERT INTO "movies" ("name", "year", "genre", "synopsis", "director", "allocine_string", "already_seen", "created_at", "updated_at") VALUES (?, ?, ?, ?, ?, ?, ?, ?, ?)[0m  [["name", "Fasten your seatbelts. It's going to be a bumpy night."], ["year", 2009], ["genre", "Reference book"], ["synopsis", "Reiciendis stultus comitatus quia candidus audacia reprehenderit caute depulso viridis."], ["director", "Sergio Mertz"], ["allocine_string", 0.0], ["already_seen", 0], ["created_at", "2019-08-01 13:09:54.076513"], ["updated_at", "2019-08-01 13:09:54.076513"]]
  [1m[35m (189.2ms)[0m  [1m[36mcommit transaction[0m
  [1m[35m (0.1ms)[0m  [1m[36mbegin transaction[0m
  [1m[36mMovie Create (2.0ms)[0m  [1m[32mINSERT INTO "movies" ("name", "year", "genre", "synopsis", "director", "allocine_string", "already_seen", "created_at", "updated_at") VALUES (?, ?, ?, ?, ?, ?, ?, ?, ?)[0m  [["name", "Go ahead, make my day."], ["year", 1995], ["genre", "Humor"], ["synopsis", "Summopere tutis arbor statim antiquus accusantium ut subito corrumpo verumtamen."], ["director", "Juan Murray"], ["allocine_string", 1.0], ["already_seen", 0], ["created_at", "2019-08-01 13:09:54.281105"], ["updated_at", "2019-08-01 13:09:54.281105"]]
  [1m[35m (147.0ms)[0m  [1m[36mcommit transaction[0m
  [1m[35m (0.1ms)[0m  [1m[36mbegin transaction[0m
  [1m[36mMovie Create (0.9ms)[0m  [1m[32mINSERT INTO "movies" ("name", "year", "genre", "synopsis", "director", "allocine_string", "already_seen", "created_at", "updated_at") VALUES (?, ?, ?, ?, ?, ?, ?, ?, ?)[0m  [["name", "I'm going to make him an offer he can't refuse."], ["year", 1999], ["genre", "Horror"], ["synopsis", "Statua capto velut utpote denuo velit averto absque autem solus."], ["director", "Cathie Runte"], ["allocine_string", 3.0], ["already_seen", 0], ["created_at", "2019-08-01 13:09:54.445000"], ["updated_at", "2019-08-01 13:09:54.445000"]]
  [1m[35m (171.0ms)[0m  [1m[36mcommit transaction[0m
  [1m[35m (0.2ms)[0m  [1m[36mbegin transaction[0m
  [1m[36mMovie Create (0.7ms)[0m  [1m[32mINSERT INTO "movies" ("name", "year", "genre", "synopsis", "director", "allocine_string", "already_seen", "created_at", "updated_at") VALUES (?, ?, ?, ?, ?, ?, ?, ?, ?)[0m  [["name", "Here's looking at you, kid."], ["year", 2005], ["genre", "Fanfiction"], ["synopsis", "Supplanto adficio abbas defleo incidunt non deinde teneo callide curtus."], ["director", "Mr. Roy Volkman"], ["allocine_string", 4.0], ["already_seen", 0], ["created_at", "2019-08-01 13:09:54.632737"], ["updated_at", "2019-08-01 13:09:54.632737"]]
  [1m[35m (229.6ms)[0m  [1m[36mcommit transaction[0m
  [1m[35m (0.1ms)[0m  [1m[36mbegin transaction[0m
  [1m[36mMovie Create (1.4ms)[0m  [1m[32mINSERT INTO "movies" ("name", "year", "genre", "synopsis", "director", "allocine_string", "already_seen", "created_at", "updated_at") VALUES (?, ?, ?, ?, ?, ?, ?, ?, ?)[0m  [["name", "I love the smell of napalm in the morning."], ["year", 1993], ["genre", "Reference book"], ["synopsis", "Complectus super accendo conculco claustrum triginta venia conduco crebro possimus."], ["director", "Edgardo Ziemann PhD"], ["allocine_string", 4.0], ["already_seen", 1], ["created_at", "2019-08-01 13:09:54.878576"], ["updated_at", "2019-08-01 13:09:54.878576"]]
  [1m[35m (182.4ms)[0m  [1m[36mcommit transaction[0m
  [1m[35m (0.1ms)[0m  [1m[36mbegin transaction[0m
  [1m[36mMovie Create (1.7ms)[0m  [1m[32mINSERT INTO "movies" ("name", "year", "genre", "synopsis", "director", "allocine_string", "already_seen", "created_at", "updated_at") VALUES (?, ?, ?, ?, ?, ?, ?, ?, ?)[0m  [["name", "I'm going to make him an offer he can't refuse."], ["year", 2013], ["genre", "Mythopoeia"], ["synopsis", "Tremo caveo iusto traho tyrannus careo vestigium pax aegre tres."], ["director", "Mrs. Sherron Bahringer"], ["allocine_string", 1.0], ["already_seen", 0], ["created_at", "2019-08-01 13:09:55.081975"], ["updated_at", "2019-08-01 13:09:55.081975"]]
  [1m[35m (170.7ms)[0m  [1m[36mcommit transaction[0m
  [1m[35m (0.2ms)[0m  [1m[36mbegin transaction[0m
  [1m[36mMovie Create (0.7ms)[0m  [1m[32mINSERT INTO "movies" ("name", "year", "genre", "synopsis", "director", "allocine_string", "already_seen", "created_at", "updated_at") VALUES (?, ?, ?, ?, ?, ?, ?, ?, ?)[0m  [["name", "Frankly, my dear, I don’t give a damn."], ["year", 2002], ["genre", "Metafiction"], ["synopsis", "Abutor adiuvo sonitus et civitas aut vilitas reprehenderit qui vindico."], ["director", "Mariana Larkin"], ["allocine_string", 2.0], ["already_seen", 0], ["created_at", "2019-08-01 13:09:55.277681"], ["updated_at", "2019-08-01 13:09:55.277681"]]
  [1m[35m (160.7ms)[0m  [1m[36mcommit transaction[0m
  [1m[35m (0.2ms)[0m  [1m[36mbegin transaction[0m
  [1m[36mMovie Create (1.9ms)[0m  [1m[32mINSERT INTO "movies" ("name", "year", "genre", "synopsis", "director", "allocine_string", "already_seen", "created_at", "updated_at") VALUES (?, ?, ?, ?, ?, ?, ?, ?, ?)[0m  [["name", "You talking to me?"], ["year", 1992], ["genre", "Fiction in verse"], ["synopsis", "Defero avarus decimus ad utrimque adamo blandior claustrum vis concido."], ["director", "Andrea King"], ["allocine_string", 1.0], ["already_seen", 0], ["created_at", "2019-08-01 13:09:55.453729"], ["updated_at", "2019-08-01 13:09:55.453729"]]
  [1m[35m (153.6ms)[0m  [1m[36mcommit transaction[0m
  [1m[35m (0.1ms)[0m  [1m[36mbegin transaction[0m
  [1m[36mMovie Create (1.9ms)[0m  [1m[32mINSERT INTO "movies" ("name", "year", "genre", "synopsis", "director", "allocine_string", "already_seen", "created_at", "updated_at") VALUES (?, ?, ?, ?, ?, ?, ?, ?, ?)[0m  [["name", "I'm going to make him an offer he can't refuse."], ["year", 1993], ["genre", "Fairy tale"], ["synopsis", "Est balbus cruentus defigo triduana ex depraedor vetus spero sum."], ["director", "Kaci Schoen II"], ["allocine_string", 5.0], ["already_seen", 0], ["created_at", "2019-08-01 13:09:55.626829"], ["updated_at", "2019-08-01 13:09:55.626829"]]
  [1m[35m (135.1ms)[0m  [1m[36mcommit transaction[0m
  [1m[35m (0.2ms)[0m  [1m[36mbegin transaction[0m
  [1m[36mMovie Create (1.7ms)[0m  [1m[32mINSERT INTO "movies" ("name", "year", "genre", "synopsis", "director", "allocine_string", "already_seen", "created_at", "updated_at") VALUES (?, ?, ?, ?, ?, ?, ?, ?, ?)[0m  [["name", "Fasten your seatbelts. It's going to be a bumpy night."], ["year", 2014], ["genre", "Fable"], ["synopsis", "Subito absorbeo cultellus deprimo vita curvus consequuntur iusto et voluptatem."], ["director", "Wesley Runte"], ["allocine_string", 1.0], ["already_seen", 0], ["created_at", "2019-08-01 13:09:55.784557"], ["updated_at", "2019-08-01 13:09:55.784557"]]
  [1m[35m (198.0ms)[0m  [1m[36mcommit transaction[0m
  [1m[35m (0.1ms)[0m  [1m[36mbegin transaction[0m
  [1m[36mMovie Create (2.0ms)[0m  [1m[32mINSERT INTO "movies" ("name", "year", "genre", "synopsis", "director", "allocine_string", "already_seen", "created_at", "updated_at") VALUES (?, ?, ?, ?, ?, ?, ?, ?, ?)[0m  [["name", "May the Force be with you."], ["year", 2005], ["genre", "Metafiction"], ["synopsis", "Tripudio sub vesica decipio absens demoror vigor volutabrum curatio triumphus."], ["director", "Vi Cremin"], ["allocine_string", 4.0], ["already_seen", 0], ["created_at", "2019-08-01 13:09:55.998618"], ["updated_at", "2019-08-01 13:09:55.998618"]]
  [1m[35m (112.2ms)[0m  [1m[36mcommit transaction[0m
  [1m[35m (0.1ms)[0m  [1m[36mbegin transaction[0m
  [1m[36mMovie Create (0.8ms)[0m  [1m[32mINSERT INTO "movies" ("name", "year", "genre", "synopsis", "director", "allocine_string", "already_seen", "created_at", "updated_at") VALUES (?, ?, ?, ?, ?, ?, ?, ?, ?)[0m  [["name", "You talking to me?"], ["year", 2008], ["genre", "Mythology"], ["synopsis", "Officiis patrocinor voluptas argentum confido creo sublime tepidus est deinde."], ["director", "Cherry Fahey"], ["allocine_string", 0.0], ["already_seen", 0], ["created_at", "2019-08-01 13:09:56.134483"], ["updated_at", "2019-08-01 13:09:56.134483"]]
  [1m[35m (145.7ms)[0m  [1m[36mcommit transaction[0m
  [1m[35m (0.1ms)[0m  [1m[36mbegin transaction[0m
  [1m[36mMovie Create (0.8ms)[0m  [1m[32mINSERT INTO "movies" ("name", "year", "genre", "synopsis", "director", "allocine_string", "already_seen", "created_at", "updated_at") VALUES (?, ?, ?, ?, ?, ?, ?, ?, ?)[0m  [["name", "May the Force be with you."], ["year", 1999], ["genre", "Mythopoeia"], ["synopsis", "Vindico beneficium amaritudo claudeo minima aqua eligendi autem curso blandior."], ["director", "Lorinda McDermott"], ["allocine_string", 5.0], ["already_seen", 0], ["created_at", "2019-08-01 13:09:56.299083"], ["updated_at", "2019-08-01 13:09:56.299083"]]
  [1m[35m (174.2ms)[0m  [1m[36mcommit transaction[0m
  [1m[35m (0.1ms)[0m  [1m[36mbegin transaction[0m
  [1m[36mMovie Create (0.8ms)[0m  [1m[32mINSERT INTO "movies" ("name", "year", "genre", "synopsis", "director", "allocine_string", "already_seen", "created_at", "updated_at") VALUES (?, ?, ?, ?, ?, ?, ?, ?, ?)[0m  [["name", "Here's looking at you, kid."], ["year", 1996], ["genre", "Science fiction"], ["synopsis", "Aestas adamo et umbra thymbra valeo culpa tantum arto aestus."], ["director", "Theresa Fahey"], ["allocine_string", 2.0], ["already_seen", 0], ["created_at", "2019-08-01 13:09:56.496095"], ["updated_at", "2019-08-01 13:09:56.496095"]]
  [1m[35m (208.0ms)[0m  [1m[36mcommit transaction[0m
  [1m[35m (0.2ms)[0m  [1m[36mbegin transaction[0m
  [1m[36mMovie Create (0.8ms)[0m  [1m[32mINSERT INTO "movies" ("name", "year", "genre", "synopsis", "director", "allocine_string", "already_seen", "created_at", "updated_at") VALUES (?, ?, ?, ?, ?, ?, ?, ?, ?)[0m  [["name", "Here's looking at you, kid."], ["year", 2006], ["genre", "Narrative nonfiction"], ["synopsis", "Admoveo dignissimos quaerat textor facere solitudo vaco usitas arcesso capio."], ["director", "Colin Labadie"], ["allocine_string", 1.0], ["already_seen", 0], ["created_at", "2019-08-01 13:09:56.725341"], ["updated_at", "2019-08-01 13:09:56.725341"]]
  [1m[35m (150.3ms)[0m  [1m[36mcommit transaction[0m
  [1m[35m (0.1ms)[0m  [1m[36mbegin transaction[0m
  [1m[36mMovie Create (1.2ms)[0m  [1m[32mINSERT INTO "movies" ("name", "year", "genre", "synopsis", "director", "allocine_string", "already_seen", "created_at", "updated_at") VALUES (?, ?, ?, ?, ?, ?, ?, ?, ?)[0m  [["name", "Here's looking at you, kid."], ["year", 1993], ["genre", "Legend"], ["synopsis", "Solio vetus aureus absconditus fugiat volaticus beneficium deserunt consequatur optio."], ["director", "Lorenza Kovacek"], ["allocine_string", 2.0], ["already_seen", 0], ["created_at", "2019-08-01 13:09:56.894463"], ["updated_at", "2019-08-01 13:09:56.894463"]]
  [1m[35m (208.1ms)[0m  [1m[36mcommit transaction[0m
  [1m[35m (0.2ms)[0m  [1m[36mbegin transaction[0m
  [1m[36mMovie Create (1.7ms)[0m  [1m[32mINSERT INTO "movies" ("name", "year", "genre", "synopsis", "director", "allocine_string", "already_seen", "created_at", "updated_at") VALUES (?, ?, ?, ?, ?, ?, ?, ?, ?)[0m  [["name", "Toto, I've got a feeling we're not in Kansas anymore."], ["year", 2002], ["genre", "Reference book"], ["synopsis", "Beneficium angulus aduro auctus tergiversatio tubineus creber adduco vos nesciunt."], ["director", "Lawrence Wiegand"], ["allocine_string", 5.0], ["already_seen", 0], ["created_at", "2019-08-01 13:09:57.125316"], ["updated_at", "2019-08-01 13:09:57.125316"]]
  [1m[35m (189.7ms)[0m  [1m[36mcommit transaction[0m
  [1m[35m (0.1ms)[0m  [1m[36mbegin transaction[0m
  [1m[36mMovie Create (2.2ms)[0m  [1m[32mINSERT INTO "movies" ("name", "year", "genre", "synopsis", "director", "allocine_string", "already_seen", "created_at", "updated_at") VALUES (?, ?, ?, ?, ?, ?, ?, ?, ?)[0m  [["name", "Go ahead, make my day."], ["year", 2017], ["genre", "Humor"], ["synopsis", "Aegrotatio enim rerum officia suffragium vel animi auctor tutamen virga."], ["director", "Luther Flatley DVM"], ["allocine_string", 5.0], ["already_seen", 1], ["created_at", "2019-08-01 13:09:57.330397"], ["updated_at", "2019-08-01 13:09:57.330397"]]
  [1m[35m (215.8ms)[0m  [1m[36mcommit transaction[0m
  [1m[35m (0.2ms)[0m  [1m[36mbegin transaction[0m
  [1m[36mMovie Create (1.8ms)[0m  [1m[32mINSERT INTO "movies" ("name", "year", "genre", "synopsis", "director", "allocine_string", "already_seen", "created_at", "updated_at") VALUES (?, ?, ?, ?, ?, ?, ?, ?, ?)[0m  [["name", "What we've got here is failure to communicate."], ["year", 1997], ["genre", "Fairy tale"], ["synopsis", "Animus acceptus aut umerus omnis curso cupressus combibo tendo tibi."], ["director", "Zulma Yundt"], ["allocine_string", 0.0], ["already_seen", 1], ["created_at", "2019-08-01 13:09:57.566267"], ["updated_at", "2019-08-01 13:09:57.566267"]]
  [1m[35m (180.4ms)[0m  [1m[36mcommit transaction[0m
  [1m[35m (0.1ms)[0m  [1m[36mbegin transaction[0m
  [1m[36mMovie Create (1.7ms)[0m  [1m[32mINSERT INTO "movies" ("name", "year", "genre", "synopsis", "director", "allocine_string", "already_seen", "created_at", "updated_at") VALUES (?, ?, ?, ?, ?, ?, ?, ?, ?)[0m  [["name", "Frankly, my dear, I don’t give a damn."], ["year", 2013], ["genre", "Crime/Detective"], ["synopsis", "Cibus cupiditate vilitas abeo ut candidus aetas cum voro tempore."], ["director", "Jayson Nader"], ["allocine_string", 2.0], ["already_seen", 1], ["created_at", "2019-08-01 13:09:57.761986"], ["updated_at", "2019-08-01 13:09:57.761986"]]
  [1m[35m (259.8ms)[0m  [1m[36mcommit transaction[0m
  [1m[35m (0.2ms)[0m  [1m[36mbegin transaction[0m
  [1m[36mMovie Create (0.7ms)[0m  [1m[32mINSERT INTO "movies" ("name", "year", "genre", "synopsis", "director", "allocine_string", "already_seen", "created_at", "updated_at") VALUES (?, ?, ?, ?, ?, ?, ?, ?, ?)[0m  [["name", "What we've got here is failure to communicate."], ["year", 2018], ["genre", "Classic"], ["synopsis", "Desino casso condico suffoco strues in vesco quia dolores admiratio."], ["director", "Phillip Kshlerin IV"], ["allocine_string", 4.0], ["already_seen", 0], ["created_at", "2019-08-01 13:09:58.040722"], ["updated_at", "2019-08-01 13:09:58.040722"]]
  [1m[35m (239.9ms)[0m  [1m[36mcommit transaction[0m
  [1m[35m (0.1ms)[0m  [1m[36mbegin transaction[0m
  [1m[36mMovie Create (1.8ms)[0m  [1m[32mINSERT INTO "movies" ("name", "year", "genre", "synopsis", "director", "allocine_string", "already_seen", "created_at", "updated_at") VALUES (?, ?, ?, ?, ?, ?, ?, ?, ?)[0m  [["name", "Here's looking at you, kid."], ["year", 2004], ["genre", "Legend"], ["synopsis", "Voveo adipiscor carpo utique casus nisi stips congregatio curtus surculus."], ["director", "Jayson Miller"], ["allocine_string", 4.0], ["already_seen", 0], ["created_at", "2019-08-01 13:09:58.304991"], ["updated_at", "2019-08-01 13:09:58.304991"]]
  [1m[35m (237.7ms)[0m  [1m[36mcommit transaction[0m
  [1m[35m (0.2ms)[0m  [1m[36mbegin transaction[0m
  [1m[36mMovie Create (1.0ms)[0m  [1m[32mINSERT INTO "movies" ("name", "year", "genre", "synopsis", "director", "allocine_string", "already_seen", "created_at", "updated_at") VALUES (?, ?, ?, ?, ?, ?, ?, ?, ?)[0m  [["name", "Go ahead, make my day."], ["year", 2017], ["genre", "Metafiction"], ["synopsis", "Thesaurus illum vesica annus turbo arcesso campana talus mollitia adfectus."], ["director", "Marlin Roberts Jr."], ["allocine_string", 0.0], ["already_seen", 0], ["created_at", "2019-08-01 13:09:58.565089"], ["updated_at", "2019-08-01 13:09:58.565089"]]
  [1m[35m (178.9ms)[0m  [1m[36mcommit transaction[0m
  [1m[35m (0.2ms)[0m  [1m[36mbegin transaction[0m
  [1m[36mMovie Create (1.7ms)[0m  [1m[32mINSERT INTO "movies" ("name", "year", "genre", "synopsis", "director", "allocine_string", "already_seen", "created_at", "updated_at") VALUES (?, ?, ?, ?, ?, ?, ?, ?, ?)[0m  [["name", "Fasten your seatbelts. It's going to be a bumpy night."], ["year", 1998], ["genre", "Short story"], ["synopsis", "Combibo ullus conqueror angelus delibero dedico triumphus tricesimus terreo ventito."], ["director", "Santo McCullough"], ["allocine_string", 1.0], ["already_seen", 0], ["created_at", "2019-08-01 13:09:58.768466"], ["updated_at", "2019-08-01 13:09:58.768466"]]
  [1m[35m (208.3ms)[0m  [1m[36mcommit transaction[0m
  [1m[35m (0.2ms)[0m  [1m[36mbegin transaction[0m
  [1m[36mMovie Create (0.9ms)[0m  [1m[32mINSERT INTO "movies" ("name", "year", "genre", "synopsis", "director", "allocine_string", "already_seen", "created_at", "updated_at") VALUES (?, ?, ?, ?, ?, ?, ?, ?, ?)[0m  [["name", "What we've got here is failure to communicate."], ["year", 2018], ["genre", "Horror"], ["synopsis", "Aro carbo cras deorsum temeritas tibi sordeo calculus eum coma."], ["director", "Laquita Smith"], ["allocine_string", 3.0], ["already_seen", 1], ["created_at", "2019-08-01 13:09:58.997952"], ["updated_at", "2019-08-01 13:09:58.997952"]]
  [1m[35m (163.3ms)[0m  [1m[36mcommit transaction[0m
  [1m[35m (0.2ms)[0m  [1m[36mbegin transaction[0m
  [1m[36mMovie Create (0.8ms)[0m  [1m[32mINSERT INTO "movies" ("name", "year", "genre", "synopsis", "director", "allocine_string", "already_seen", "created_at", "updated_at") VALUES (?, ?, ?, ?, ?, ?, ?, ?, ?)[0m  [["name", "Fasten your seatbelts. It's going to be a bumpy night."], ["year", 2013], ["genre", "Western"], ["synopsis", "Viscus vis articulus vestrum aetas centum administratio dolore eveniet tantillus."], ["director", "Mr. Andy Fadel"], ["allocine_string", 5.0], ["already_seen", 0], ["created_at", "2019-08-01 13:09:59.210446"], ["updated_at", "2019-08-01 13:09:59.210446"]]
  [1m[35m (291.5ms)[0m  [1m[36mcommit transaction[0m
  [1m[35m (0.1ms)[0m  [1m[36mbegin transaction[0m
  [1m[36mMovie Create (0.8ms)[0m  [1m[32mINSERT INTO "movies" ("name", "year", "genre", "synopsis", "director", "allocine_string", "already_seen", "created_at", "updated_at") VALUES (?, ?, ?, ?, ?, ?, ?, ?, ?)[0m  [["name", "I love the smell of napalm in the morning."], ["year", 2017], ["genre", "Fiction in verse"], ["synopsis", "Circumvenio spiculum vero viscus uredo statua cupiditate color aut qui."], ["director", "Shanda Treutel"], ["allocine_string", 2.0], ["already_seen", 0], ["created_at", "2019-08-01 13:09:59.515266"], ["updated_at", "2019-08-01 13:09:59.515266"]]
  [1m[35m (131.3ms)[0m  [1m[36mcommit transaction[0m
  [1m[35m (0.1ms)[0m  [1m[36mbegin transaction[0m
  [1m[36mMovie Create (0.8ms)[0m  [1m[32mINSERT INTO "movies" ("name", "year", "genre", "synopsis", "director", "allocine_string", "already_seen", "created_at", "updated_at") VALUES (?, ?, ?, ?, ?, ?, ?, ?, ?)[0m  [["name", "I love the smell of napalm in the morning."], ["year", 2016], ["genre", "Comic/Graphic Novel"], ["synopsis", "Cribro eum ambulo degero curvo subnecto temptatio conqueror ara uberrime."], ["director", "Ashlee Huels IV"], ["allocine_string", 4.0], ["already_seen", 0], ["created_at", "2019-08-01 13:09:59.661684"], ["updated_at", "2019-08-01 13:09:59.661684"]]
  [1m[35m (268.2ms)[0m  [1m[36mcommit transaction[0m
  [1m[35m (0.3ms)[0m  [1m[36mbegin transaction[0m
  [1m[36mMovie Create (1.4ms)[0m  [1m[32mINSERT INTO "movies" ("name", "year", "genre", "synopsis", "director", "allocine_string", "already_seen", "created_at", "updated_at") VALUES (?, ?, ?, ?, ?, ?, ?, ?, ?)[0m  [["name", "I love the smell of napalm in the morning."], ["year", 2008], ["genre", "Fiction in verse"], ["synopsis", "Tracto libero adficio vere coaegresco et quia trans constans vulticulus."], ["director", "Mr. Maritza Bogisich"], ["allocine_string", 0.0], ["already_seen", 1], ["created_at", "2019-08-01 13:09:59.949353"], ["updated_at", "2019-08-01 13:09:59.949353"]]
  [1m[35m (245.4ms)[0m  [1m[36mcommit transaction[0m
  [1m[35m (0.1ms)[0m  [1m[36mbegin transaction[0m
  [1m[36mMovie Create (0.8ms)[0m  [1m[32mINSERT INTO "movies" ("name", "year", "genre", "synopsis", "director", "allocine_string", "already_seen", "created_at", "updated_at") VALUES (?, ?, ?, ?, ?, ?, ?, ?, ?)[0m  [["name", "Frankly, my dear, I don’t give a damn."], ["year", 1994], ["genre", "Biography/Autobiography"], ["synopsis", "Dedico pax xiphias adimpleo cohors molestiae arbitro qui debeo facere."], ["director", "Charley Schaden"], ["allocine_string", 4.0], ["already_seen", 0], ["created_at", "2019-08-01 13:10:00.214616"], ["updated_at", "2019-08-01 13:10:00.214616"]]
  [1m[35m (147.5ms)[0m  [1m[36mcommit transaction[0m
  [1m[35m (0.1ms)[0m  [1m[36mbegin transaction[0m
  [1m[36mMovie Create (0.7ms)[0m  [1m[32mINSERT INTO "movies" ("name", "year", "genre", "synopsis", "director", "allocine_string", "already_seen", "created_at", "updated_at") VALUES (?, ?, ?, ?, ?, ?, ?, ?, ?)[0m  [["name", "Go ahead, make my day."], ["year", 2013], ["genre", "Fantasy"], ["synopsis", "Torrens tempora ullam varietas abutor vitium aperte teres aut accedo."], ["director", "Jewell Jacobi"], ["allocine_string", 0.0], ["already_seen", 0], ["created_at", "2019-08-01 13:10:00.376817"], ["updated_at", "2019-08-01 13:10:00.376817"]]
  [1m[35m (281.1ms)[0m  [1m[36mcommit transaction[0m
  [1m[35m (0.1ms)[0m  [1m[36mbegin transaction[0m
  [1m[36mMovie Create (0.8ms)[0m  [1m[32mINSERT INTO "movies" ("name", "year", "genre", "synopsis", "director", "allocine_string", "already_seen", "created_at", "updated_at") VALUES (?, ?, ?, ?, ?, ?, ?, ?, ?)[0m  [["name", "What we've got here is failure to communicate."], ["year", 2001], ["genre", "Metafiction"], ["synopsis", "Volutabrum consequatur abbas voluptas admoneo desino pecunia fugit ambulo demo."], ["director", "Charita Rowe"], ["allocine_string", 0.0], ["already_seen", 0], ["created_at", "2019-08-01 13:10:00.676975"], ["updated_at", "2019-08-01 13:10:00.676975"]]
  [1m[35m (253.4ms)[0m  [1m[36mcommit transaction[0m
  [1m[35m (0.1ms)[0m  [1m[36mbegin transaction[0m
  [1m[36mMovie Create (1.2ms)[0m  [1m[32mINSERT INTO "movies" ("name", "year", "genre", "synopsis", "director", "allocine_string", "already_seen", "created_at", "updated_at") VALUES (?, ?, ?, ?, ?, ?, ?, ?, ?)[0m  [["name", "May the Force be with you."], ["year", 2012], ["genre", "Comic/Graphic Novel"], ["synopsis", "Clam ara adhaero abstergo thema cilicium argumentum alias texo est."], ["director", "Omer Rutherford"], ["allocine_string", 0.0], ["already_seen", 0], ["created_at", "2019-08-01 13:10:00.950690"], ["updated_at", "2019-08-01 13:10:00.950690"]]
  [1m[35m (160.4ms)[0m  [1m[36mcommit transaction[0m
  [1m[35m (0.2ms)[0m  [1m[36mbegin transaction[0m
  [1m[36mMovie Create (0.8ms)[0m  [1m[32mINSERT INTO "movies" ("name", "year", "genre", "synopsis", "director", "allocine_string", "already_seen", "created_at", "updated_at") VALUES (?, ?, ?, ?, ?, ?, ?, ?, ?)[0m  [["name", "I love the smell of napalm in the morning."], ["year", 1990], ["genre", "Essay"], ["synopsis", "Caute textilis timor armarium apostolus ipsa vis confero perspiciatis audax."], ["director", "Quintin Yundt"], ["allocine_string", 3.0], ["already_seen", 0], ["created_at", "2019-08-01 13:10:01.129779"], ["updated_at", "2019-08-01 13:10:01.129779"]]
  [1m[35m (258.1ms)[0m  [1m[36mcommit transaction[0m
  [1m[35m (0.1ms)[0m  [1m[36mbegin transaction[0m
  [1m[36mMovie Create (0.7ms)[0m  [1m[32mINSERT INTO "movies" ("name", "year", "genre", "synopsis", "director", "allocine_string", "already_seen", "created_at", "updated_at") VALUES (?, ?, ?, ?, ?, ?, ?, ?, ?)[0m  [["name", "Fasten your seatbelts. It's going to be a bumpy night."], ["year", 1999], ["genre", "Historical fiction"], ["synopsis", "Porro comes surculus coma sit vobis acidus ara colloco provident."], ["director", "Gabriela Quitzon"], ["allocine_string", 1.0], ["already_seen", 0], ["created_at", "2019-08-01 13:10:01.405316"], ["updated_at", "2019-08-01 13:10:01.405316"]]
  [1m[35m (170.0ms)[0m  [1m[36mcommit transaction[0m
  [1m[35m (0.2ms)[0m  [1m[36mbegin transaction[0m
  [1m[36mMovie Create (0.8ms)[0m  [1m[32mINSERT INTO "movies" ("name", "year", "genre", "synopsis", "director", "allocine_string", "already_seen", "created_at", "updated_at") VALUES (?, ?, ?, ?, ?, ?, ?, ?, ?)[0m  [["name", "You talking to me?"], ["year", 2002], ["genre", "Mystery"], ["synopsis", "Texo usus uberrime ara decipio despecto aegrus abbas dicta cunabula."], ["director", "Ms. Fanny Denesik"], ["allocine_string", 0.0], ["already_seen", 0], ["created_at", "2019-08-01 13:10:01.593111"], ["updated_at", "2019-08-01 13:10:01.593111"]]
  [1m[35m (270.2ms)[0m  [1m[36mcommit transaction[0m
  [1m[35m (0.1ms)[0m  [1m[36mbegin transaction[0m
  [1m[36mMovie Create (1.5ms)[0m  [1m[32mINSERT INTO "movies" ("name", "year", "genre", "synopsis", "director", "allocine_string", "already_seen", "created_at", "updated_at") VALUES (?, ?, ?, ?, ?, ?, ?, ?, ?)[0m  [["name", "Here's looking at you, kid."], ["year", 2017], ["genre", "Fanfiction"], ["synopsis", "Quia ullam tergeo voluptatem appono compono civitas caelum tumultus supplanto."], ["director", "Trent Lemke"], ["allocine_string", 1.0], ["already_seen", 0], ["created_at", "2019-08-01 13:10:01.887528"], ["updated_at", "2019-08-01 13:10:01.887528"]]
  [1m[35m (214.6ms)[0m  [1m[36mcommit transaction[0m
  [1m[35m (0.1ms)[0m  [1m[36mbegin transaction[0m
  [1m[36mMovie Create (0.8ms)[0m  [1m[32mINSERT INTO "movies" ("name", "year", "genre", "synopsis", "director", "allocine_string", "already_seen", "created_at", "updated_at") VALUES (?, ?, ?, ?, ?, ?, ?, ?, ?)[0m  [["name", "You talking to me?"], ["year", 2003], ["genre", "Mythopoeia"], ["synopsis", "Colo arceo deporto trepide suggero defleo velit libero ascisco sto."], ["director", "Cherie Legros"], ["allocine_string", 3.0], ["already_seen", 0], ["created_at", "2019-08-01 13:10:02.121573"], ["updated_at", "2019-08-01 13:10:02.121573"]]
  [1m[35m (202.8ms)[0m  [1m[36mcommit transaction[0m
  [1m[35m (0.2ms)[0m  [1m[36mbegin transaction[0m
  [1m[36mMovie Create (1.0ms)[0m  [1m[32mINSERT INTO "movies" ("name", "year", "genre", "synopsis", "director", "allocine_string", "already_seen", "created_at", "updated_at") VALUES (?, ?, ?, ?, ?, ?, ?, ?, ?)[0m  [["name", "I'm going to make him an offer he can't refuse."], ["year", 2000], ["genre", "Metafiction"], ["synopsis", "Arcesso teres deprimo animi vivo audacia statua abutor in degenero."], ["director", "Arnetta Hagenes"], ["allocine_string", 3.0], ["already_seen", 0], ["created_at", "2019-08-01 13:10:02.339590"], ["updated_at", "2019-08-01 13:10:02.339590"]]
  [1m[35m (264.8ms)[0m  [1m[36mcommit transaction[0m
  [1m[35m (0.2ms)[0m  [1m[36mbegin transaction[0m
  [1m[36mMovie Create (0.8ms)[0m  [1m[32mINSERT INTO "movies" ("name", "year", "genre", "synopsis", "director", "allocine_string", "already_seen", "created_at", "updated_at") VALUES (?, ?, ?, ?, ?, ?, ?, ?, ?)[0m  [["name", "All right, Mr. DeMille, I'm ready for my closeup."], ["year", 1996], ["genre", "Fanfiction"], ["synopsis", "Apto curso cauda debeo amplexus acidus venio perferendis ager xiphias."], ["director", "Evette Davis Jr."], ["allocine_string", 0.0], ["already_seen", 0], ["created_at", "2019-08-01 13:10:02.621148"], ["updated_at", "2019-08-01 13:10:02.621148"]]
  [1m[35m (197.5ms)[0m  [1m[36mcommit transaction[0m
  [1m[35m (0.3ms)[0m  [1m[36mbegin transaction[0m
  [1m[36mMovie Create (1.2ms)[0m  [1m[32mINSERT INTO "movies" ("name", "year", "genre", "synopsis", "director", "allocine_string", "already_seen", "created_at", "updated_at") VALUES (?, ?, ?, ?, ?, ?, ?, ?, ?)[0m  [["name", "Here's looking at you, kid."], ["year", 2018], ["genre", "Biography/Autobiography"], ["synopsis", "Amplus aro voluptatem versus arceo pecunia pecco substantia despecto vesco."], ["director", "Lyle Kuhn"], ["allocine_string", 5.0], ["already_seen", 0], ["created_at", "2019-08-01 13:10:02.833669"], ["updated_at", "2019-08-01 13:10:02.833669"]]
  [1m[35m (190.0ms)[0m  [1m[36mcommit transaction[0m
  [1m[35m (0.1ms)[0m  [1m[36mbegin transaction[0m
  [1m[36mMovie Create (1.2ms)[0m  [1m[32mINSERT INTO "movies" ("name", "year", "genre", "synopsis", "director", "allocine_string", "already_seen", "created_at", "updated_at") VALUES (?, ?, ?, ?, ?, ?, ?, ?, ?)[0m  [["name", "Fasten your seatbelts. It's going to be a bumpy night."], ["year", 2003], ["genre", "Historical fiction"], ["synopsis", "Virga vinitor facere vinculum demoror casso tepesco caritas viriliter vulnero."], ["director", "Rachal Padberg"], ["allocine_string", 3.0], ["already_seen", 0], ["created_at", "2019-08-01 13:10:03.047431"], ["updated_at", "2019-08-01 13:10:03.047431"]]
  [1m[35m (234.6ms)[0m  [1m[36mcommit transaction[0m
  [1m[35m (0.2ms)[0m  [1m[36mbegin transaction[0m
  [1m[36mMovie Create (2.0ms)[0m  [1m[32mINSERT INTO "movies" ("name", "year", "genre", "synopsis", "director", "allocine_string", "already_seen", "created_at", "updated_at") VALUES (?, ?, ?, ?, ?, ?, ?, ?, ?)[0m  [["name", "Toto, I've got a feeling we're not in Kansas anymore."], ["year", 2015], ["genre", "Classic"], ["synopsis", "Tamisium clibanus cibus sulum cilicium colloco trado veritatis desidero claudeo."], ["director", "Mable Douglas"], ["allocine_string", 2.0], ["already_seen", 0], ["created_at", "2019-08-01 13:10:03.299219"], ["updated_at", "2019-08-01 13:10:03.299219"]]
  [1m[35m (243.4ms)[0m  [1m[36mcommit transaction[0m
  [1m[35m (0.2ms)[0m  [1m[36mbegin transaction[0m
  [1m[36mMovie Create (1.0ms)[0m  [1m[32mINSERT INTO "movies" ("name", "year", "genre", "synopsis", "director", "allocine_string", "already_seen", "created_at", "updated_at") VALUES (?, ?, ?, ?, ?, ?, ?, ?, ?)[0m  [["name", "I'm going to make him an offer he can't refuse."], ["year", 2002], ["genre", "Mythology"], ["synopsis", "Despirmatio inflammatio annus brevis synagoga claudeo cuius stipes debeo patruus."], ["director", "Crystle Emmerich"], ["allocine_string", 4.0], ["already_seen", 0], ["created_at", "2019-08-01 13:10:03.566984"], ["updated_at", "2019-08-01 13:10:03.566984"]]
  [1m[35m (184.3ms)[0m  [1m[36mcommit transaction[0m
  [1m[35m (0.2ms)[0m  [1m[36mbegin transaction[0m
  [1m[36mMovie Create (0.9ms)[0m  [1m[32mINSERT INTO "movies" ("name", "year", "genre", "synopsis", "director", "allocine_string", "already_seen", "created_at", "updated_at") VALUES (?, ?, ?, ?, ?, ?, ?, ?, ?)[0m  [["name", "All right, Mr. DeMille, I'm ready for my closeup."], ["year", 1990], ["genre", "Textbook"], ["synopsis", "Tertius stabilis certus crudelis centum adnuo admoveo defungo sed tactus."], ["director", "Moira Mills"], ["allocine_string", 1.0], ["already_seen", 0], ["created_at", "2019-08-01 13:10:03.768495"], ["updated_at", "2019-08-01 13:10:03.768495"]]
  [1m[35m (199.0ms)[0m  [1m[36mcommit transaction[0m
  [1m[35m (0.2ms)[0m  [1m[36mbegin transaction[0m
  [1m[36mMovie Create (1.2ms)[0m  [1m[32mINSERT INTO "movies" ("name", "year", "genre", "synopsis", "director", "allocine_string", "already_seen", "created_at", "updated_at") VALUES (?, ?, ?, ?, ?, ?, ?, ?, ?)[0m  [["name", "I'm going to make him an offer he can't refuse."], ["year", 1990], ["genre", "Historical fiction"], ["synopsis", "Studio pecunia aptus et rem unde desino apostolus solvo carcer."], ["director", "Tarsha Jacobi"], ["allocine_string", 1.0], ["already_seen", 0], ["created_at", "2019-08-01 13:10:03.983661"], ["updated_at", "2019-08-01 13:10:03.983661"]]
  [1m[35m (181.3ms)[0m  [1m[36mcommit transaction[0m
  [1m[35m (0.2ms)[0m  [1m[36mbegin transaction[0m
  [1m[36mMovie Create (2.1ms)[0m  [1m[32mINSERT INTO "movies" ("name", "year", "genre", "synopsis", "director", "allocine_string", "already_seen", "created_at", "updated_at") VALUES (?, ?, ?, ?, ?, ?, ?, ?, ?)[0m  [["name", "All right, Mr. DeMille, I'm ready for my closeup."], ["year", 1996], ["genre", "Speech"], ["synopsis", "Aequus certe tribuo vae aureus voluptatibus volubilis strues confugo sodalitas."], ["director", "Mrs. Shannon Lowe"], ["allocine_string", 0.0], ["already_seen", 0], ["created_at", "2019-08-01 13:10:04.184132"], ["updated_at", "2019-08-01 13:10:04.184132"]]
  [1m[35m (161.0ms)[0m  [1m[36mcommit transaction[0m
  [1m[35m (0.1ms)[0m  [1m[36mbegin transaction[0m
  [1m[36mMovie Create (1.8ms)[0m  [1m[32mINSERT INTO "movies" ("name", "year", "genre", "synopsis", "director", "allocine_string", "already_seen", "created_at", "updated_at") VALUES (?, ?, ?, ?, ?, ?, ?, ?, ?)[0m  [["name", "All right, Mr. DeMille, I'm ready for my closeup."], ["year", 1992], ["genre", "Essay"], ["synopsis", "Depono at subvenio condico clibanus ventito curvo arca conqueror vorax."], ["director", "Lilian Sauer"], ["allocine_string", 1.0], ["already_seen", 0], ["created_at", "2019-08-01 13:10:04.368500"], ["updated_at", "2019-08-01 13:10:04.368500"]]
  [1m[35m (127.6ms)[0m  [1m[36mcommit transaction[0m
  [1m[35m (0.1ms)[0m  [1m[36mbegin transaction[0m
  [1m[36mMovie Create (0.8ms)[0m  [1m[32mINSERT INTO "movies" ("name", "year", "genre", "synopsis", "director", "allocine_string", "already_seen", "created_at", "updated_at") VALUES (?, ?, ?, ?, ?, ?, ?, ?, ?)[0m  [["name", "May the Force be with you."], ["year", 1996], ["genre", "Metafiction"], ["synopsis", "Adipisci tabernus eos vallum convoco crur adhuc stips avoco dicta."], ["director", "August Roob"], ["allocine_string", 5.0], ["already_seen", 0], ["created_at", "2019-08-01 13:10:04.517741"], ["updated_at", "2019-08-01 13:10:04.517741"]]
  [1m[35m (1068.4ms)[0m  [1m[36mcommit transaction[0m
  [1m[35m (0.2ms)[0m  [1m[36mbegin transaction[0m
  [1m[36mMovie Create (0.8ms)[0m  [1m[32mINSERT INTO "movies" ("name", "year", "genre", "synopsis", "director", "allocine_string", "already_seen", "created_at", "updated_at") VALUES (?, ?, ?, ?, ?, ?, ?, ?, ?)[0m  [["name", "I'm going to make him an offer he can't refuse."], ["year", 2020], ["genre", "Essay"], ["synopsis", "Adopto qui ex aeneus auris aegrus inflammatio tamisium tersus amitto."], ["director", "Ellsworth Gutmann"], ["allocine_string", 2.0], ["already_seen", 0], ["created_at", "2019-08-01 13:10:05.599393"], ["updated_at", "2019-08-01 13:10:05.599393"]]
  [1m[35m (150.7ms)[0m  [1m[36mcommit transaction[0m
  [1m[35m (0.2ms)[0m  [1m[36mbegin transaction[0m
  [1m[36mMovie Create (0.9ms)[0m  [1m[32mINSERT INTO "movies" ("name", "year", "genre", "synopsis", "director", "allocine_string", "already_seen", "created_at", "updated_at") VALUES (?, ?, ?, ?, ?, ?, ?, ?, ?)[0m  [["name", "May the Force be with you."], ["year", 1997], ["genre", "Metafiction"], ["synopsis", "Articulus vero vestrum sponte sint aedificium absum clamo ademptio aranea."], ["director", "Yvette Baumbach"], ["allocine_string", 5.0], ["already_seen", 0], ["created_at", "2019-08-01 13:10:05.765157"], ["updated_at", "2019-08-01 13:10:05.765157"]]
  [1m[35m (216.9ms)[0m  [1m[36mcommit transaction[0m
  [1m[35m (0.3ms)[0m  [1m[36mbegin transaction[0m
  [1m[36mMovie Create (1.2ms)[0m  [1m[32mINSERT INTO "movies" ("name", "year", "genre", "synopsis", "director", "allocine_string", "already_seen", "created_at", "updated_at") VALUES (?, ?, ?, ?, ?, ?, ?, ?, ?)[0m  [["name", "Fasten your seatbelts. It's going to be a bumpy night."], ["year", 2002], ["genre", "Fiction narrative"], ["synopsis", "Defigo causa audio vobis capio addo temperantia strues accusantium vilis."], ["director", "Clemmie Pfeffer"], ["allocine_string", 3.0], ["already_seen", 0], ["created_at", "2019-08-01 13:10:06.007898"], ["updated_at", "2019-08-01 13:10:06.007898"]]
  [1m[35m (226.7ms)[0m  [1m[36mcommit transaction[0m
  [1m[35m (0.2ms)[0m  [1m[36mbegin transaction[0m
  [1m[36mMovie Create (1.2ms)[0m  [1m[32mINSERT INTO "movies" ("name", "year", "genre", "synopsis", "director", "allocine_string", "already_seen", "created_at", "updated_at") VALUES (?, ?, ?, ?, ?, ?, ?, ?, ?)[0m  [["name", "I'm going to make him an offer he can't refuse."], ["year", 2012], ["genre", "Science fiction"], ["synopsis", "Despecto decor conitor uterque curatio vorago utroque arca rem tabella."], ["director", "Nola Leannon"], ["allocine_string", 1.0], ["already_seen", 0], ["created_at", "2019-08-01 13:10:06.258499"], ["updated_at", "2019-08-01 13:10:06.258499"]]
  [1m[35m (204.9ms)[0m  [1m[36mcommit transaction[0m
  [1m[35m (0.1ms)[0m  [1m[36mbegin transaction[0m
  [1m[36mMovie Create (0.8ms)[0m  [1m[32mINSERT INTO "movies" ("name", "year", "genre", "synopsis", "director", "allocine_string", "already_seen", "created_at", "updated_at") VALUES (?, ?, ?, ?, ?, ?, ?, ?, ?)[0m  [["name", "You talking to me?"], ["year", 1997], ["genre", "Science fiction"], ["synopsis", "Torqueo dapifer neque consequatur vetus et modi spectaculum virtus error."], ["director", "Erwin Torp"], ["allocine_string", 5.0], ["already_seen", 0], ["created_at", "2019-08-01 13:10:06.482167"], ["updated_at", "2019-08-01 13:10:06.482167"]]
  [1m[35m (246.8ms)[0m  [1m[36mcommit transaction[0m
  [1m[35m (0.2ms)[0m  [1m[36mbegin transaction[0m
  [1m[36mMovie Create (0.9ms)[0m  [1m[32mINSERT INTO "movies" ("name", "year", "genre", "synopsis", "director", "allocine_string", "already_seen", "created_at", "updated_at") VALUES (?, ?, ?, ?, ?, ?, ?, ?, ?)[0m  [["name", "All right, Mr. DeMille, I'm ready for my closeup."], ["year", 2006], ["genre", "Fiction in verse"], ["synopsis", "Cupressus fugiat ver eligendi volutabrum voco astrum cresco correptius spoliatio."], ["director", "Tanner Bins"], ["allocine_string", 5.0], ["already_seen", 0], ["created_at", "2019-08-01 13:10:06.744276"], ["updated_at", "2019-08-01 13:10:06.744276"]]
  [1m[35m (165.5ms)[0m  [1m[36mcommit transaction[0m
  [1m[35m (0.2ms)[0m  [1m[36mbegin transaction[0m
  [1m[36mMovie Create (0.9ms)[0m  [1m[32mINSERT INTO "movies" ("name", "year", "genre", "synopsis", "director", "allocine_string", "already_seen", "created_at", "updated_at") VALUES (?, ?, ?, ?, ?, ?, ?, ?, ?)[0m  [["name", "Fasten your seatbelts. It's going to be a bumpy night."], ["year", 2018], ["genre", "Fairy tale"], ["synopsis", "Utroque totus cultellus dapifer una terra decor nesciunt vinum tego."], ["director", "Ms. Stephanie Kutch"], ["allocine_string", 0.0], ["already_seen", 0], ["created_at", "2019-08-01 13:10:06.926280"], ["updated_at", "2019-08-01 13:10:06.926280"]]
  [1m[35m (226.2ms)[0m  [1m[36mcommit transaction[0m
  [1m[35m (0.2ms)[0m  [1m[36mbegin transaction[0m
  [1m[36mMovie Create (1.0ms)[0m  [1m[32mINSERT INTO "movies" ("name", "year", "genre", "synopsis", "director", "allocine_string", "already_seen", "created_at", "updated_at") VALUES (?, ?, ?, ?, ?, ?, ?, ?, ?)[0m  [["name", "May the Force be with you."], ["year", 2012], ["genre", "Science fiction"], ["synopsis", "Civis harum termes soleo a vicissitudo acies caecus textilis cuius."], ["director", "Mr. Anderson Botsford"], ["allocine_string", 4.0], ["already_seen", 0], ["created_at", "2019-08-01 13:10:07.172858"], ["updated_at", "2019-08-01 13:10:07.172858"]]
  [1m[35m (202.4ms)[0m  [1m[36mcommit transaction[0m
  [1m[35m (0.1ms)[0m  [1m[36mbegin transaction[0m
  [1m[36mMovie Create (0.8ms)[0m  [1m[32mINSERT INTO "movies" ("name", "year", "genre", "synopsis", "director", "allocine_string", "already_seen", "created_at", "updated_at") VALUES (?, ?, ?, ?, ?, ?, ?, ?, ?)[0m  [["name", "All right, Mr. DeMille, I'm ready for my closeup."], ["year", 2006], ["genre", "Fiction in verse"], ["synopsis", "Decet aut volubilis ut thorax dicta vesco vomito adhuc attonbitus."], ["director", "Christopher Tremblay"], ["allocine_string", 1.0], ["already_seen", 1], ["created_at", "2019-08-01 13:10:07.390840"], ["updated_at", "2019-08-01 13:10:07.390840"]]
  [1m[35m (280.7ms)[0m  [1m[36mcommit transaction[0m
  [1m[35m (0.1ms)[0m  [1m[36mbegin transaction[0m
  [1m[36mMovie Create (1.7ms)[0m  [1m[32mINSERT INTO "movies" ("name", "year", "genre", "synopsis", "director", "allocine_string", "already_seen", "created_at", "updated_at") VALUES (?, ?, ?, ?, ?, ?, ?, ?, ?)[0m  [["name", "I'm going to make him an offer he can't refuse."], ["year", 2013], ["genre", "Fiction narrative"], ["synopsis", "Consequatur aeneus laboriosam canonicus in ipsum supplanto placeat consequuntur peior."], ["director", "Pablo Rath"], ["allocine_string", 5.0], ["already_seen", 0], ["created_at", "2019-08-01 13:10:07.691634"], ["updated_at", "2019-08-01 13:10:07.691634"]]
  [1m[35m (239.5ms)[0m  [1m[36mcommit transaction[0m
  [1m[35m (0.1ms)[0m  [1m[36mbegin transaction[0m
  [1m[36mMovie Create (1.3ms)[0m  [1m[32mINSERT INTO "movies" ("name", "year", "genre", "synopsis", "director", "allocine_string", "already_seen", "created_at", "updated_at") VALUES (?, ?, ?, ?, ?, ?, ?, ?, ?)[0m  [["name", "Frankly, my dear, I don’t give a damn."], ["year", 2006], ["genre", "Historical fiction"], ["synopsis", "Vulgivagus adhaero ut iusto congregatio sopor consequatur derideo occaecati vinco."], ["director", "Heidy Abernathy"], ["allocine_string", 3.0], ["already_seen", 1], ["created_at", "2019-08-01 13:10:07.954046"], ["updated_at", "2019-08-01 13:10:07.954046"]]
  [1m[35m (161.3ms)[0m  [1m[36mcommit transaction[0m
  [1m[35m (0.2ms)[0m  [1m[36mbegin transaction[0m
  [1m[36mMovie Create (0.8ms)[0m  [1m[32mINSERT INTO "movies" ("name", "year", "genre", "synopsis", "director", "allocine_string", "already_seen", "created_at", "updated_at") VALUES (?, ?, ?, ?, ?, ?, ?, ?, ?)[0m  [["name", "What we've got here is failure to communicate."], ["year", 1992], ["genre", "Fairy tale"], ["synopsis", "Culpa urbs aggero consequuntur cognomen virgo sit accommodo cado stabilis."], ["director", "Ms. Manual Lesch"], ["allocine_string", 2.0], ["already_seen", 0], ["created_at", "2019-08-01 13:10:08.133546"], ["updated_at", "2019-08-01 13:10:08.133546"]]
  [1m[35m (237.0ms)[0m  [1m[36mcommit transaction[0m
  [1m[35m (0.2ms)[0m  [1m[36mbegin transaction[0m
  [1m[36mMovie Create (0.9ms)[0m  [1m[32mINSERT INTO "movies" ("name", "year", "genre", "synopsis", "director", "allocine_string", "already_seen", "created_at", "updated_at") VALUES (?, ?, ?, ?, ?, ?, ?, ?, ?)[0m  [["name", "All right, Mr. DeMille, I'm ready for my closeup."], ["year", 2011], ["genre", "Mystery"], ["synopsis", "Torrens compello dolores eligendi pauper et truculenter triduana corroboro sodalitas."], ["director", "Rickey Cronin III"], ["allocine_string", 4.0], ["already_seen", 0], ["created_at", "2019-08-01 13:10:08.384222"], ["updated_at", "2019-08-01 13:10:08.384222"]]
  [1m[35m (201.7ms)[0m  [1m[36mcommit transaction[0m
  [1m[35m (0.1ms)[0m  [1m[36mbegin transaction[0m
  [1m[36mMovie Create (0.8ms)[0m  [1m[32mINSERT INTO "movies" ("name", "year", "genre", "synopsis", "director", "allocine_string", "already_seen", "created_at", "updated_at") VALUES (?, ?, ?, ?, ?, ?, ?, ?, ?)[0m  [["name", "Here's looking at you, kid."], ["year", 2019], ["genre", "Realistic fiction"], ["synopsis", "Adversus arbor dapifer creator chirographum vulgivagus harum curia decipio facilis."], ["director", "Nancee Quigley"], ["allocine_string", 0.0], ["already_seen", 0], ["created_at", "2019-08-01 13:10:08.600292"], ["updated_at", "2019-08-01 13:10:08.600292"]]
  [1m[35m (216.6ms)[0m  [1m[36mcommit transaction[0m
  [1m[35m (0.1ms)[0m  [1m[36mbegin transaction[0m
  [1m[36mMovie Create (1.0ms)[0m  [1m[32mINSERT INTO "movies" ("name", "year", "genre", "synopsis", "director", "allocine_string", "already_seen", "created_at", "updated_at") VALUES (?, ?, ?, ?, ?, ?, ?, ?, ?)[0m  [["name", "Frankly, my dear, I don’t give a damn."], ["year", 2016], ["genre", "Fantasy"], ["synopsis", "Pauper quas eligendi ait acer creo veritas delego bestia aut."], ["director", "Guadalupe Armstrong"], ["allocine_string", 5.0], ["already_seen", 0], ["created_at", "2019-08-01 13:10:08.840053"], ["updated_at", "2019-08-01 13:10:08.840053"]]
  [1m[35m (189.1ms)[0m  [1m[36mcommit transaction[0m
  [1m[35m (0.2ms)[0m  [1m[36mbegin transaction[0m
  [1m[36mMovie Create (0.7ms)[0m  [1m[32mINSERT INTO "movies" ("name", "year", "genre", "synopsis", "director", "allocine_string", "already_seen", "created_at", "updated_at") VALUES (?, ?, ?, ?, ?, ?, ?, ?, ?)[0m  [["name", "I love the smell of napalm in the morning."], ["year", 2003], ["genre", "Biography/Autobiography"], ["synopsis", "Tribuo ulciscor subnecto aspernatur viriliter altus voluntarius sollers synagoga creptio."], ["director", "Corinna Denesik"], ["allocine_string", 5.0], ["already_seen", 0], ["created_at", "2019-08-01 13:10:09.045247"], ["updated_at", "2019-08-01 13:10:09.045247"]]
  [1m[35m (217.3ms)[0m  [1m[36mcommit transaction[0m
  [1m[35m (0.5ms)[0m  [1m[36mbegin transaction[0m
  [1m[36mMovie Create (0.8ms)[0m  [1m[32mINSERT INTO "movies" ("name", "year", "genre", "synopsis", "director", "allocine_string", "already_seen", "created_at", "updated_at") VALUES (?, ?, ?, ?, ?, ?, ?, ?, ?)[0m  [["name", "Toto, I've got a feeling we're not in Kansas anymore."], ["year", 2009], ["genre", "Horror"], ["synopsis", "Vel ademptio ait stella cognatus umquam numquam qui sufficio aut."], ["director", "Mrs. Christian Miller"], ["allocine_string", 2.0], ["already_seen", 1], ["created_at", "2019-08-01 13:10:09.283914"], ["updated_at", "2019-08-01 13:10:09.283914"]]
  [1m[35m (206.5ms)[0m  [1m[36mcommit transaction[0m
  [1m[35m (0.1ms)[0m  [1m[36mbegin transaction[0m
  [1m[36mMovie Create (0.9ms)[0m  [1m[32mINSERT INTO "movies" ("name", "year", "genre", "synopsis", "director", "allocine_string", "already_seen", "created_at", "updated_at") VALUES (?, ?, ?, ?, ?, ?, ?, ?, ?)[0m  [["name", "Go ahead, make my day."], ["year", 2005], ["genre", "Mythopoeia"], ["synopsis", "Correptius tersus ut esse carbo utpote super ocer sponte cubicularis."], ["director", "Olevia Reichel"], ["allocine_string", 4.0], ["already_seen", 0], ["created_at", "2019-08-01 13:10:09.508441"], ["updated_at", "2019-08-01 13:10:09.508441"]]
  [1m[35m (211.1ms)[0m  [1m[36mcommit transaction[0m
  [1m[35m (0.1ms)[0m  [1m[36mbegin transaction[0m
  [1m[36mMovie Create (1.0ms)[0m  [1m[32mINSERT INTO "movies" ("name", "year", "genre", "synopsis", "director", "allocine_string", "already_seen", "created_at", "updated_at") VALUES (?, ?, ?, ?, ?, ?, ?, ?, ?)[0m  [["name", "What we've got here is failure to communicate."], ["year", 1998], ["genre", "Crime/Detective"], ["synopsis", "Claustrum unus adfero civis sol apto voveo crastinus ea iure."], ["director", "Titus Dietrich"], ["allocine_string", 0.0], ["already_seen", 0], ["created_at", "2019-08-01 13:10:09.733756"], ["updated_at", "2019-08-01 13:10:09.733756"]]
  [1m[35m (211.6ms)[0m  [1m[36mcommit transaction[0m
  [1m[35m (0.2ms)[0m  [1m[36mbegin transaction[0m
  [1m[36mMovie Create (2.0ms)[0m  [1m[32mINSERT INTO "movies" ("name", "year", "genre", "synopsis", "director", "allocine_string", "already_seen", "created_at", "updated_at") VALUES (?, ?, ?, ?, ?, ?, ?, ?, ?)[0m  [["name", "I love the smell of napalm in the morning."], ["year", 1996], ["genre", "Science fiction"], ["synopsis", "Arbitro in utpote voluptas quas voluntarius verbera uter vinitor apparatus."], ["director", "Palmer Hilpert DDS"], ["allocine_string", 0.0], ["already_seen", 0], ["created_at", "2019-08-01 13:10:09.962909"], ["updated_at", "2019-08-01 13:10:09.962909"]]
  [1m[35m (188.2ms)[0m  [1m[36mcommit transaction[0m
  [1m[35m (0.2ms)[0m  [1m[36mbegin transaction[0m
  [1m[36mMovie Create (0.7ms)[0m  [1m[32mINSERT INTO "movies" ("name", "year", "genre", "synopsis", "director", "allocine_string", "already_seen", "created_at", "updated_at") VALUES (?, ?, ?, ?, ?, ?, ?, ?, ?)[0m  [["name", "What we've got here is failure to communicate."], ["year", 2002], ["genre", "Western"], ["synopsis", "Adhuc beatae ambitus aliquid voluptates amplus coepi brevis curiositas civis."], ["director", "Miss Dante Nitzsche"], ["allocine_string", 5.0], ["already_seen", 1], ["created_at", "2019-08-01 13:10:10.172962"], ["updated_at", "2019-08-01 13:10:10.172962"]]
  [1m[35m (206.7ms)[0m  [1m[36mcommit transaction[0m
  [1m[35m (0.2ms)[0m  [1m[36mbegin transaction[0m
  [1m[36mMovie Create (1.2ms)[0m  [1m[32mINSERT INTO "movies" ("name", "year", "genre", "synopsis", "director", "allocine_string", "already_seen", "created_at", "updated_at") VALUES (?, ?, ?, ?, ?, ?, ?, ?, ?)[0m  [["name", "You talking to me?"], ["year", 2018], ["genre", "Realistic fiction"], ["synopsis", "Ver veritas asporto bibo comburo cupressus tergeo tantum caelestis conqueror."], ["director", "Mrs. Diego Steuber"], ["allocine_string", 0.0], ["already_seen", 0], ["created_at", "2019-08-01 13:10:10.394826"], ["updated_at", "2019-08-01 13:10:10.394826"]]
  [1m[35m (214.5ms)[0m  [1m[36mcommit transaction[0m
  [1m[35m (1.1ms)[0m  [1m[34mSELECT sqlite_version(*)[0m
  [1m[36mMovie Load (0.6ms)[0m  [1m[34mSELECT "movies".* FROM "movies" LIMIT ?[0m  [["LIMIT", 11]]
  [1m[36mMovie Load (1.6ms)[0m  [1m[34mSELECT "movies".* FROM "movies"[0m
